[ 2019-11-21T14:10:46+08:00 ][ error ] [2]Use of undefined constant __PUBLIC__ - assumed '__PUBLIC__' (this will throw an Error in a future version of PHP)[C:\Users\Administrator\Desktop\tpbt\application\config.php:176]
[ info ] [ LOG ] INIT File
[ 2019-11-21T14:22:46+08:00 ][ error ] [2]Use of undefined constant __PUBLIC__ - assumed '__PUBLIC__' (this will throw an Error in a future version of PHP)[C:\Users\Administrator\Desktop\tpbt\application\config.php:176]
[ info ] [ LOG ] INIT File
[ 2019-11-21T14:57:45+08:00 ][ error ] [0]Parse error: syntax error, unexpected ''app\admin\command\Upgrade'' (T_CONSTANT_ENCAPSED_STRING), expecting ']'[C:\Users\Administrator\Desktop\tpbt\application\command.php:14]
[ info ] [ LOG ] INIT File
[ 2019-11-21T14:57:48+08:00 ][ error ] [0]Parse error: syntax error, unexpected ''app\admin\command\Upgrade'' (T_CONSTANT_ENCAPSED_STRING), expecting ']'[C:\Users\Administrator\Desktop\tpbt\application\command.php:14]
[ info ] [ LOG ] INIT File
[ 2019-11-21T14:59:05+08:00 ][ error ] [2]Declaration of app\admin\command\Hongbao::execute() should be compatible with think\console\Command::execute(think\console\Input $input, think\console\Output $output)[C:\Users\Administrator\Desktop\tpbt\application\admin\command\Hongbao.php:262]
[ info ] [ LOG ] INIT File
[ 2019-11-21T14:59:51+08:00 ][ error ] [2]Declaration of app\admin\command\Hongbao::execute(app\admin\command\Input $input, app\admin\command\Output $output) should be compatible with think\console\Command::execute(think\console\Input $input, think\console\Output $output)[C:\Users\Administrator\Desktop\tpbt\application\admin\command\Hongbao.php:262]
[ info ] [ LOG ] INIT File
[ 2019-11-21T15:04:17+08:00 ][ error ] [2]Declaration of app\home\command\Jxj::execute(app\home\command\Input $input, app\home\command\Output $output) should be compatible with think\console\Command::execute(think\console\Input $input, think\console\Output $output)[C:\Users\Administrator\Desktop\tpbt\application\home\command\Jxj.php:152]
[ info ] [ LOG ] INIT File
[ 2019-11-21T15:05:28+08:00 ][ error ] [2]Declaration of app\home\command\Jxj::execute(app\home\command\Input $input, app\home\command\Output $output) should be compatible with think\console\Command::execute(think\console\Input $input, think\console\Output $output)[C:\Users\Administrator\Desktop\tpbt\application\home\command\Jxj.php:152]
[ info ] [ LOG ] INIT File
[ 2019-11-21T15:05:37+08:00 ][ error ] [2]Declaration of app\home\command\Jxj::execute(app\home\command\Input $input, app\home\command\Output $output) should be compatible with think\console\Command::execute(think\console\Input $input, think\console\Output $output)[C:\Users\Administrator\Desktop\tpbt\application\home\command\Jxj.php:152]
[ info ] [ LOG ] INIT File
[ 2019-11-21T15:05:45+08:00 ][ error ] [2]Declaration of app\home\command\Jxj::execute(app\home\command\Input $input, app\home\command\Output $output) should be compatible with think\console\Command::execute(think\console\Input $input, think\console\Output $output)[C:\Users\Administrator\Desktop\tpbt\application\home\command\Jxj.php:152]
[ info ] [ LOG ] INIT File
[ 2019-11-21T15:05:51+08:00 ][ error ] [2]Declaration of app\home\command\Jxj::execute(app\home\command\Input $input, app\home\command\Output $output) should be compatible with think\console\Command::execute(think\console\Input $input, think\console\Output $output)[C:\Users\Administrator\Desktop\tpbt\application\home\command\Jxj.php:14]
[ info ] [ LOG ] INIT File
[ 2019-11-21T15:15:12+08:00 ][ info ] [ DB ] INIT mysql
[ info ] [ LOG ] INIT File
[ 2019-11-21T15:15:12+08:00 ][ error ] [0]Fatal error: Class 'app\home\command\Db' not found[C:\Users\Administrator\Desktop\tpbt\application\home\command\Hb.php:43]
[ 2019-11-21T15:18:10+08:00 ][ info ] [ DB ] INIT mysql
[ info ] [ LOG ] INIT File
[ 2019-11-21T15:19:54+08:00 ][ info ] [ DB ] INIT mysql
[ info ] [ LOG ] INIT File
[ 2019-11-21T15:19:54+08:00 ][ info ] [ CACHE ] INIT File
[ 2019-11-21T15:21:29+08:00 ][ info ] [ DB ] INIT mysql
[ info ] [ LOG ] INIT File
[ 2019-11-21T15:21:29+08:00 ][ info ] [ CACHE ] INIT File
[ 2019-11-21T15:24:27+08:00 ][ info ] [ DB ] INIT mysql
[ info ] [ LOG ] INIT File
[ 2019-11-21T15:24:28+08:00 ][ info ] [ CACHE ] INIT File
[ 2019-11-21T15:25:06+08:00 ][ info ] [ DB ] INIT mysql
[ info ] [ LOG ] INIT File
[ 2019-11-21T15:25:36+08:00 ][ info ] [ CACHE ] INIT File
[ 2019-11-21T15:35:42+08:00 ][ info ] [ DB ] INIT mysql
[ info ] [ LOG ] INIT File
[ 2019-11-21T15:35:42+08:00 ][ info ] [ CACHE ] INIT File
[ 2019-11-21T15:36:10+08:00 ][ info ] [ DB ] INIT mysql
[ info ] [ LOG ] INIT File
[ 2019-11-21T15:36:10+08:00 ][ info ] [ CACHE ] INIT File
[ 2019-11-21T15:38:21+08:00 ][ error ] [0]Type error: Too few arguments to function app\home\command\Upgrade::upgrade(), 0 passed in C:\Users\Administrator\Desktop\tpbt\application\home\command\Upgrade.php on line 15 and exactly 2 expected[C:\Users\Administrator\Desktop\tpbt\application\home\command\Upgrade.php:18]
[ info ] [ LOG ] INIT File
[ 2019-11-21T15:40:10+08:00 ][ info ] [ DB ] INIT mysql
[ info ] [ LOG ] INIT File
[ 2019-11-21T15:40:10+08:00 ][ info ] [ CACHE ] INIT File
[ 2019-11-21T15:42:20+08:00 ][ info ] [ DB ] INIT mysql
[ info ] [ LOG ] INIT File
[ 2019-11-21T15:42:20+08:00 ][ error ] [0]Fatal error: Class 'app\home\command\Cache' not found[C:\Users\Administrator\Desktop\tpbt\application\home\command\liveaward.php:35]
[ 2019-11-21T15:42:54+08:00 ][ info ] [ DB ] INIT mysql
[ info ] [ LOG ] INIT File
[ 2019-11-21T15:42:54+08:00 ][ info ] [ CACHE ] INIT File
[ 2019-11-21T15:43:22+08:00 ][ info ] [ DB ] INIT mysql
[ info ] [ LOG ] INIT File
[ 2019-11-21T15:43:23+08:00 ][ info ] [ CACHE ] INIT File
[ 2019-11-21T15:44:02+08:00 ][ info ] [ DB ] INIT mysql
[ info ] [ LOG ] INIT File
[ 2019-11-21T15:44:02+08:00 ][ info ] [ CACHE ] INIT File
[ 2019-11-21T16:03:00+08:00 ][ info ] [ DB ] INIT mysql
[ info ] [ LOG ] INIT File
[ 2019-11-21T16:03:19+08:00 ][ info ] [ DB ] INIT mysql
[ info ] [ LOG ] INIT File
[ 2019-11-21T16:03:58+08:00 ][ info ] [ DB ] INIT mysql
[ info ] [ LOG ] INIT File
[ 2019-11-21T16:04:27+08:00 ][ info ] [ DB ] INIT mysql
[ info ] [ LOG ] INIT File
[ 2019-11-21T16:06:49+08:00 ][ info ] [ DB ] INIT mysql
[ info ] [ LOG ] INIT File
[ 2019-11-21T16:06:58+08:00 ][ info ] [ DB ] INIT mysql
[ info ] [ LOG ] INIT File
[ 2019-11-21T16:06:58+08:00 ][ info ] [ CACHE ] INIT File
[ 2019-11-21T16:07:38+08:00 ][ info ] [ DB ] INIT mysql
[ info ] [ LOG ] INIT File
[ 2019-11-21T16:07:38+08:00 ][ info ] [ CACHE ] INIT File
[ 2019-11-21T16:25:31+08:00 ][ info ] [ DB ] INIT mysql
[ info ] [ LOG ] INIT File
[ 2019-11-21T16:25:48+08:00 ][ info ] [ DB ] INIT mysql
[ info ] [ LOG ] INIT File
[ 2019-11-21T16:25:48+08:00 ][ info ] [ CACHE ] INIT File
